[14:06:45] [Client thread/INFO]: Setting user: Player65
[14:06:51] [Client thread/WARN]: Skipping bad option: lastServer:
[14:06:51] [Client thread/INFO]: LWJGL Version: 2.9.4
[14:06:57] [Client thread/INFO]: Reloading ResourceManager: Default, FMLFileResourcePack:Forge Mod Loader, FMLFileResourcePack:Minecraft Forge, FMLFileResourcePack:WesterosBlocks
[14:07:03] [Sound Library Loader/INFO]: Starting up SoundSystem...
[14:07:03] [Thread-8/INFO]: Initializing LWJGL OpenAL
[14:07:03] [Thread-8/INFO]: (The LWJGL binding of OpenAL.  For more information, see http://www.lwjgl.org)
[14:07:04] [Thread-8/INFO]: OpenAL initialized.
[14:07:04] [Sound Library Loader/INFO]: Sound engine started
[14:07:13] [Client thread/INFO]: Created: 16x16 textures-atlas
[14:07:14] [Client thread/INFO]: Reloading ResourceManager: Default, FMLFileResourcePack:Forge Mod Loader, FMLFileResourcePack:Minecraft Forge, FMLFileResourcePack:WesterosBlocks
[14:07:20] [Client thread/INFO]: SoundSystem shutting down...
[14:07:20] [Client thread/WARN]: Author: Paul Lamb, www.paulscode.com
[14:07:20] [Sound Library Loader/INFO]: Starting up SoundSystem...
[14:07:20] [Thread-10/INFO]: Initializing LWJGL OpenAL
[14:07:20] [Thread-10/INFO]: (The LWJGL binding of OpenAL.  For more information, see http://www.lwjgl.org)
[14:07:20] [Thread-10/INFO]: OpenAL initialized.
[14:07:20] [Sound Library Loader/INFO]: Sound engine started
[14:07:28] [Client thread/INFO]: Created: 1024x512 textures-atlas
[14:07:30] [Client thread/WARN]: Skipping bad option: lastServer:
[14:07:31] [Realms Notification Availability checker #1/INFO]: Could not authorize you against Realms server: Invalid session id
[14:09:27] [Client thread/INFO]: Stopping!
[14:09:27] [Client thread/INFO]: SoundSystem shutting down...
[14:09:27] [Client thread/WARN]: Author: Paul Lamb, www.paulscode.com
